\BOOKMARK [1][-]{section*.2}{\376\377\000I\000n\000t\000r\000o\000d\000u\000c\000t\000i\000o\000n}{}% 1
\BOOKMARK [1][-]{section.1}{\376\377\000R\000I\000M\000A\0001\000\040\000a\000n\000d\000\040\000R\000I\000M\000A\0002\000:\000\040\000C\000o\000n\000d\000i\000t\000i\000a\000n\000a\000l\000\040\000A\000s\000s\000e\000s\000s\000m\000e\000n\000t\000\040\000R\000o\000b\000o\000t\000i\000c\000\040\000T\000o\000o\000l\000s\000\040\000f\000o\000r\000\040\000S\000e\000w\000e\000r\000\040\000P\000i\000p\000e\000s}{}% 2
\BOOKMARK [2][-]{subsection.1.1}{\376\377\000M\000e\000c\000h\000a\000n\000i\000c\000a\000l\000\040\000W\000o\000r\000k}{section.1}% 3
\BOOKMARK [3][-]{subsubsection.1.1.1}{\376\377\000U\000t\000i\000l\000i\000t\000i\000e\000s\000\040\000f\000o\000r\000\040\000R\000I\000M\000A\0001\000\040\000a\000n\000d\000\040\000R\000I\000M\000A\0002\000\040\000F\000i\000e\000l\000d\000\040\000T\000r\000i\000a\000l\000s\000:}{subsection.1.1}% 4
\BOOKMARK [3][-]{subsubsection.1.1.2}{\376\377\000R\000I\000M\000A\0002\000\040\000D\000e\000p\000l\000o\000y\000m\000e\000n\000t\000\040\000C\000r\000a\000d\000l\000e\000:}{subsection.1.1}% 5
\BOOKMARK [3][-]{subsubsection.1.1.3}{\376\377\000R\000I\000M\000A\0001\000\040\000R\000o\000l\000l\000o\000v\000e\000r\000\040\000A\000s\000s\000i\000s\000t\000:}{subsection.1.1}% 6
\BOOKMARK [2][-]{subsection.1.2}{\376\377\000E\000l\000e\000c\000t\000r\000i\000c\000a\000l\000\040\000W\000o\000r\000k}{section.1}% 7
\BOOKMARK [3][-]{subsubsection.1.2.1}{\376\377\000R\000I\000M\000A\0001\000\040\000S\000y\000s\000t\000e\000m\000\040\000B\000o\000a\000r\000d\000\040\000I\000n\000s\000t\000a\000l\000l\000a\000t\000i\000o\000n\000:}{subsection.1.2}% 8
\BOOKMARK [3][-]{subsubsection.1.2.2}{\376\377\000R\000I\000M\000A\0002\000\040\000N\000e\000w\000\040\000P\000E\000C\000\040\000B\000o\000a\000r\000d\000\040\000T\000e\000s\000t\000\040\000R\000i\000g\000:}{subsection.1.2}% 9
\BOOKMARK [3][-]{subsubsection.1.2.3}{\376\377\000R\000I\000M\000A\0002\000\040\000N\000e\000w\000\040\000P\000E\000C\000\040\000B\000o\000a\000r\000d\000\040\000I\000n\000s\000t\000a\000l\000l\000a\000t\000i\000o\000n\000:}{subsection.1.2}% 10
\BOOKMARK [3][-]{subsubsection.1.2.4}{\376\377\000R\000I\000M\000A\0002\000\040\000E\000l\000e\000c\000t\000r\000i\000c\000a\000l\000\040\000D\000e\000b\000u\000g\000g\000i\000n\000g\000:}{subsection.1.2}% 11
\BOOKMARK [2][-]{subsection.1.3}{\376\377\000S\000o\000f\000t\000w\000a\000r\000e\000\040\000W\000o\000r\000k}{section.1}% 12
\BOOKMARK [3][-]{subsubsection.1.3.1}{\376\377\000S\000o\000f\000t\000w\000a\000r\000e\000\040\000B\000r\000i\000e\000f\000:\000\040}{subsection.1.3}% 13
\BOOKMARK [3][-]{subsubsection.1.3.2}{\376\377\000R\000I\000M\000A\0001\000\040\000S\000y\000s\000t\000e\000m\000\040\000B\000o\000a\000r\000d\000\040\000S\000o\000f\000t\000w\000a\000r\000e\000\040\000U\000p\000d\000a\000t\000e\000:\000\040}{subsection.1.3}% 14
\BOOKMARK [3][-]{subsubsection.1.3.3}{\376\377\000R\000I\000M\000A\0001\000\040\000G\000U\000I\000\040\000U\000p\000d\000a\000t\000e\000:\000\040}{subsection.1.3}% 15
\BOOKMARK [3][-]{subsubsection.1.3.4}{\376\377\000R\000I\000M\000A\0002\000\040\000P\000E\000C\000\040\000E\000m\000b\000e\000d\000d\000e\000d\000\040\000S\000o\000f\000t\000w\000a\000r\000e\000\040\000D\000e\000b\000u\000g\000g\000i\000n\000g\000:\000\040}{subsection.1.3}% 16
\BOOKMARK [3][-]{subsubsection.1.3.5}{\376\377\000R\000I\000M\000A\000\040\000P\000E\000C\000\040\000C\000a\000l\000i\000b\000r\000a\000t\000i\000o\000n\000:\000\040}{subsection.1.3}% 17
\BOOKMARK [3][-]{subsubsection.1.3.6}{\376\377\000O\000t\000h\000e\000r\000\040\000S\000o\000f\000t\000w\000a\000r\000e\000\040\000W\000o\000r\000k\000:}{subsection.1.3}% 18
\BOOKMARK [1][-]{section.2}{\376\377\000S\0001\0000\0000\000:\000\040\000D\000e\000m\000o\000n\000s\000t\000a\000r\000t\000i\000o\000n\000\040\000r\000o\000b\000o\000t\000\040\000f\000o\000r\000\040\000t\000h\000e\000\040\000U\000T\000S\000\040\000R\000o\000b\000o\000t\000i\000c\000s\000\040\000I\000n\000s\000t\000i\000t\000u\000t\000e}{}% 19
\BOOKMARK [1][-]{section.3}{\376\377\000C\000o\000u\000r\000s\000e\000\040\000W\000o\000r\000k}{}% 20
\BOOKMARK [2][-]{subsection.3.1}{\376\377\000M\000e\000c\000h\000a\000n\000i\000c\000a\000l\000/\000M\000e\000c\000h\000a\000t\000r\000o\000n\000i\000c\000\040\000W\000o\000r\000k}{section.3}% 21
\BOOKMARK [3][-]{subsubsection.3.1.1}{\376\377\000M\000D\000F\000S\000\040\000R\000o\000b\000o\000t\000\040\000f\000o\000r\000\040\000W\000a\000r\000m\000a\000n\000\040\000C\000h\000a\000l\000l\000e\000n\000g\000e\000:}{subsection.3.1}% 22
\BOOKMARK [2][-]{subsection.3.2}{\376\377\000E\000l\000e\000c\000t\000r\000i\000c\000a\000l\000\040\000W\000o\000r\000k}{section.3}% 23
\BOOKMARK [3][-]{subsubsection.3.2.1}{\376\377\000L\000o\000w\000\040\000L\000e\000v\000e\000l\000\040\000C\000i\000r\000c\000u\000i\000t\000\040\000D\000e\000s\000i\000g\000n\000\040\000u\000s\000i\000n\000g\000\040\000K\000e\000y\000s\000i\000g\000h\000t\000\040\000A\000D\000S\000:}{subsection.3.2}% 24
\BOOKMARK [3][-]{subsubsection.3.2.2}{\376\377\000L\000P\000F\000:}{subsection.3.2}% 25
\BOOKMARK [3][-]{subsubsection.3.2.3}{\376\377\000B\000a\000l\000u\000n\000:}{subsection.3.2}% 26
\BOOKMARK [3][-]{subsubsection.3.2.4}{\376\377\000L\000N\000A\000:}{subsection.3.2}% 27
\BOOKMARK [2][-]{subsection.3.3}{\376\377\000S\000o\000f\000t\000w\000a\000r\000e\000\040\000W\000o\000r\000k}{section.3}% 28
