This is pdfTeX, Version 3.141592653-2.6-1.40.26 (MiKTeX 24.4) (preloaded format=pdflatex 2024.9.30)  25 JUN 2025 17:04
entering extended mode
 restricted \write18 enabled.
 file:line:error style messages enabled.
 %&-line parsing enabled.
**c:/Users/jackr/OneDrive/Documents/Work/Portfolio/main.tex
(c:/Users/jackr/OneDrive/Documents/Work/Portfolio/main.tex
LaTeX2e <2024-06-01> patch level 2
L3 programming layer <2024-08-30>
(C:\Users\jackr\AppData\Local\Programs\MiKTeX\tex/latex/base\article.cls
Document Class: article 2024/02/08 v1.4n Standard LaTeX document class
(C:\Users\jackr\AppData\Local\Programs\MiKTeX\tex/latex/base\size10.clo
File: size10.clo 2024/02/08 v1.4n Standard LaTeX file (size option)
)
\c@part=\count194
\c@section=\count195
\c@subsection=\count196
\c@subsubsection=\count197
\c@paragraph=\count198
\c@subparagraph=\count199
\c@figure=\count266
\c@table=\count267
\abovecaptionskip=\skip49
\belowcaptionskip=\skip50
\bibindent=\dimen141
) (C:\Users\jackr\AppData\Local\Programs\MiKTeX\tex/latex/geometry\geometry.sty
Package: geometry 2020/01/02 v5.9 Page Geometry
 (C:\Users\jackr\AppData\Local\Programs\MiKTeX\tex/latex/graphics\keyval.sty
Package: keyval 2022/05/29 v1.15 key=value parser (DPC)
\KV@toks@=\toks17
) (C:\Users\jackr\AppData\Local\Programs\MiKTeX\tex/generic/iftex\ifvtex.sty
Package: ifvtex 2019/10/25 v1.7 ifvtex legacy package. Use iftex instead.
 (C:\Users\jackr\AppData\Local\Programs\MiKTeX\tex/generic/iftex\iftex.sty
Package: iftex 2022/02/03 v1.0f TeX engine tests
))
\Gm@cnth=\count268
\Gm@cntv=\count269
\c@Gm@tempcnt=\count270
\Gm@bindingoffset=\dimen142
\Gm@wd@mp=\dimen143
\Gm@odd@mp=\dimen144
\Gm@even@mp=\dimen145
\Gm@layoutwidth=\dimen146
\Gm@layoutheight=\dimen147
\Gm@layouthoffset=\dimen148
\Gm@layoutvoffset=\dimen149
\Gm@dimlist=\toks18
 (C:\Users\jackr\AppData\Local\Programs\MiKTeX\tex/latex/geometry\geometry.cfg)) (C:\Users\jackr\AppData\Local\Programs\MiKTeX\tex/latex/arev\arev.sty
Package: arev 2005/06/14 0.1 Arev Sans package
 (C:\Users\jackr\AppData\Local\Programs\MiKTeX\tex/latex/arev\arevtext.sty
Package: arevtext 2005/09/01 0.1 Arev Sans Text package
 (C:\Users\jackr\AppData\Local\Programs\MiKTeX\tex/latex/base\fontenc.sty
Package: fontenc 2021/04/29 v2.0v Standard LaTeX package
) (C:\Users\jackr\AppData\Local\Programs\MiKTeX\tex/latex/base\textcomp.sty
Package: textcomp 2024/04/24 v2.1b Standard LaTeX package
)) (C:\Users\jackr\AppData\Local\Programs\MiKTeX\tex/latex/arev\arevmath.sty
Package: arevmath 2006/02/19 0.1 Arev Sans Math package
 (C:\Users\jackr\AppData\Local\Programs\MiKTeX\tex/latex/amsfonts\amssymb.sty
Package: amssymb 2013/01/14 v3.01 AMS font symbols
 (C:\Users\jackr\AppData\Local\Programs\MiKTeX\tex/latex/amsfonts\amsfonts.sty
Package: amsfonts 2013/01/14 v3.01 Basic AMSFonts support
\@emptytoks=\toks19
\symAMSa=\mathgroup4
\symAMSb=\mathgroup5
LaTeX Font Info:    Redeclaring math symbol \hbar on input line 98.
LaTeX Font Info:    Overwriting math alphabet `\mathfrak' in version `bold'
(Font)                  U/euf/m/n --> U/euf/b/n on input line 106.
)) (C:\Users\jackr\AppData\Local\Programs\MiKTeX\tex/latex/arev\ams-mdbch.sty
Package: ams-mdbch 2005/05/08 v1.4 Bold mdbch (Math Design Project) to replace AMS fonts
Now handling font encoding MDA ...
... no UTF-8 mapping file for font encoding MDA
\symmathdesignA=\mathgroup6
LaTeX Font Info:    Overwriting symbol font `mathdesignA' in version `bold'
(Font)                  MDA/mdbch/b/n --> MDA/mdbch/b/n on input line 47.
LaTeX Font Info:    Overwriting encoding scheme math defaults on input line 52.
LaTeX Info: Redefining \bold on input line 64.
LaTeX Font Info:    Redeclaring math delimiter \ulcorner on input line 82.
LaTeX Font Info:    Redeclaring math delimiter \urcorner on input line 83.
LaTeX Font Info:    Redeclaring math delimiter \llcorner on input line 84.
LaTeX Font Info:    Redeclaring math delimiter \lrcorner on input line 85.
LaTeX Font Info:    Redeclaring math accent \widetilde on input line 86.
LaTeX Font Info:    Redeclaring math accent \widehat on input line 87.
LaTeX Font Info:    Redeclaring math symbol \dabar@ on input line 88.
LaTeX Font Info:    Redeclaring math symbol \lvertneqq on input line 96.
LaTeX Font Info:    Redeclaring math symbol \gvertneqq on input line 97.
LaTeX Font Info:    Redeclaring math symbol \nleq on input line 98.
LaTeX Font Info:    Redeclaring math symbol \ngeq on input line 99.
LaTeX Font Info:    Redeclaring math symbol \nless on input line 100.
LaTeX Font Info:    Redeclaring math symbol \ngtr on input line 101.
LaTeX Font Info:    Redeclaring math symbol \nprec on input line 102.
LaTeX Font Info:    Redeclaring math symbol \nsucc on input line 103.
LaTeX Font Info:    Redeclaring math symbol \lneqq on input line 104.
LaTeX Font Info:    Redeclaring math symbol \gneqq on input line 105.
LaTeX Font Info:    Redeclaring math symbol \nleqslant on input line 106.
LaTeX Font Info:    Redeclaring math symbol \ngeqslant on input line 107.
LaTeX Font Info:    Redeclaring math symbol \lneq on input line 108.
LaTeX Font Info:    Redeclaring math symbol \gneq on input line 109.
LaTeX Font Info:    Redeclaring math symbol \npreceq on input line 110.
LaTeX Font Info:    Redeclaring math symbol \nsucceq on input line 111.
LaTeX Font Info:    Redeclaring math symbol \precnsim on input line 112.
LaTeX Font Info:    Redeclaring math symbol \succnsim on input line 113.
LaTeX Font Info:    Redeclaring math symbol \lnsim on input line 114.
LaTeX Font Info:    Redeclaring math symbol \gnsim on input line 115.
LaTeX Font Info:    Redeclaring math symbol \nleqq on input line 116.
LaTeX Font Info:    Redeclaring math symbol \ngeqq on input line 117.
LaTeX Font Info:    Redeclaring math symbol \precneqq on input line 118.
LaTeX Font Info:    Redeclaring math symbol \succneqq on input line 119.
LaTeX Font Info:    Redeclaring math symbol \precnapprox on input line 120.
LaTeX Font Info:    Redeclaring math symbol \succnapprox on input line 121.
LaTeX Font Info:    Redeclaring math symbol \lnapprox on input line 122.
LaTeX Font Info:    Redeclaring math symbol \gnapprox on input line 123.
LaTeX Font Info:    Redeclaring math symbol \nsim on input line 124.
LaTeX Font Info:    Redeclaring math symbol \ncong on input line 125.
LaTeX Font Info:    Redeclaring math symbol \diagup on input line 126.
LaTeX Font Info:    Redeclaring math symbol \diagdown on input line 127.
LaTeX Font Info:    Redeclaring math symbol \varsubsetneq on input line 128.
LaTeX Font Info:    Redeclaring math symbol \varsupsetneq on input line 129.
LaTeX Font Info:    Redeclaring math symbol \nsubseteqq on input line 130.
LaTeX Font Info:    Redeclaring math symbol \nsupseteqq on input line 131.
LaTeX Font Info:    Redeclaring math symbol \subsetneqq on input line 132.
LaTeX Font Info:    Redeclaring math symbol \supsetneqq on input line 133.
LaTeX Font Info:    Redeclaring math symbol \varsubsetneqq on input line 134.
LaTeX Font Info:    Redeclaring math symbol \varsupsetneqq on input line 135.
LaTeX Font Info:    Redeclaring math symbol \subsetneq on input line 136.
LaTeX Font Info:    Redeclaring math symbol \supsetneq on input line 137.
LaTeX Font Info:    Redeclaring math symbol \nsubseteq on input line 138.
LaTeX Font Info:    Redeclaring math symbol \nsupseteq on input line 139.
LaTeX Font Info:    Redeclaring math symbol \nparallel on input line 140.
LaTeX Font Info:    Redeclaring math symbol \nmid on input line 141.
LaTeX Font Info:    Redeclaring math symbol \nshortmid on input line 142.
LaTeX Font Info:    Redeclaring math symbol \nshortparallel on input line 143.
LaTeX Font Info:    Redeclaring math symbol \nvdash on input line 144.
LaTeX Font Info:    Redeclaring math symbol \nVdash on input line 145.
LaTeX Font Info:    Redeclaring math symbol \nvDash on input line 146.
LaTeX Font Info:    Redeclaring math symbol \nVDash on input line 147.
LaTeX Font Info:    Redeclaring math symbol \ntrianglerighteq on input line 148.
LaTeX Font Info:    Redeclaring math symbol \ntrianglelefteq on input line 149.
LaTeX Font Info:    Redeclaring math symbol \ntriangleleft on input line 150.
LaTeX Font Info:    Redeclaring math symbol \ntriangleright on input line 151.
LaTeX Font Info:    Redeclaring math symbol \nleftarrow on input line 152.
LaTeX Font Info:    Redeclaring math symbol \nrightarrow on input line 153.
LaTeX Font Info:    Redeclaring math symbol \nLeftarrow on input line 154.
LaTeX Font Info:    Redeclaring math symbol \nRightarrow on input line 155.
LaTeX Font Info:    Redeclaring math symbol \nLeftrightarrow on input line 156.
LaTeX Font Info:    Redeclaring math symbol \nleftrightarrow on input line 157.
LaTeX Font Info:    Redeclaring math symbol \divideontimes on input line 158.
LaTeX Font Info:    Redeclaring math symbol \varnothing on input line 159.
LaTeX Font Info:    Redeclaring math symbol \nexists on input line 160.
LaTeX Font Info:    Redeclaring math symbol \Join on input line 161.
LaTeX Font Info:    Redeclaring math symbol \Finv on input line 165.
LaTeX Font Info:    Redeclaring math symbol \Game on input line 166.
LaTeX Font Info:    Redeclaring math symbol \eqsim on input line 167.
LaTeX Font Info:    Redeclaring math symbol \beth on input line 168.
LaTeX Font Info:    Redeclaring math symbol \gimel on input line 169.
LaTeX Font Info:    Redeclaring math symbol \daleth on input line 170.
LaTeX Font Info:    Redeclaring math symbol \lessdot on input line 171.
LaTeX Font Info:    Redeclaring math symbol \gtrdot on input line 172.
LaTeX Font Info:    Redeclaring math symbol \ltimes on input line 173.
LaTeX Font Info:    Redeclaring math symbol \rtimes on input line 174.
LaTeX Font Info:    Redeclaring math symbol \shortmid on input line 175.
LaTeX Font Info:    Redeclaring math symbol \shortparallel on input line 176.
LaTeX Font Info:    Redeclaring math symbol \smallsetminus on input line 177.
LaTeX Font Info:    Redeclaring math symbol \thicksim on input line 178.
LaTeX Font Info:    Redeclaring math symbol \thickapprox on input line 179.
LaTeX Font Info:    Redeclaring math symbol \approxeq on input line 180.
LaTeX Font Info:    Redeclaring math symbol \succapprox on input line 181.
LaTeX Font Info:    Redeclaring math symbol \precapprox on input line 182.
LaTeX Font Info:    Redeclaring math symbol \curvearrowleft on input line 183.
LaTeX Font Info:    Redeclaring math symbol \curvearrowright on input line 184.
LaTeX Font Info:    Redeclaring math symbol \Bbbk on input line 189.
LaTeX Font Info:    Redeclaring math symbol \backepsilon on input line 190.
LaTeX Font Info:    Redeclaring math symbol \boxdot on input line 192.
LaTeX Font Info:    Redeclaring math symbol \boxplus on input line 193.
LaTeX Font Info:    Redeclaring math symbol \boxtimes on input line 194.
LaTeX Font Info:    Redeclaring math symbol \square on input line 195.
LaTeX Font Info:    Redeclaring math symbol \blacksquare on input line 196.
LaTeX Font Info:    Redeclaring math symbol \centerdot on input line 197.
LaTeX Font Info:    Redeclaring math symbol \lozenge on input line 198.
LaTeX Font Info:    Redeclaring math symbol \blacklozenge on input line 199.
LaTeX Font Info:    Redeclaring math symbol \circlearrowright on input line 200.
LaTeX Font Info:    Redeclaring math symbol \circlearrowleft on input line 201.
LaTeX Font Info:    Redeclaring math symbol \rightleftharpoons on input line 203.
LaTeX Font Info:    Redeclaring math symbol \leftrightharpoons on input line 204.
LaTeX Font Info:    Redeclaring math symbol \boxminus on input line 205.
LaTeX Font Info:    Redeclaring math symbol \Vdash on input line 206.
LaTeX Font Info:    Redeclaring math symbol \Vvdash on input line 207.
LaTeX Font Info:    Redeclaring math symbol \vDash on input line 208.
LaTeX Font Info:    Redeclaring math symbol \twoheadrightarrow on input line 209.
LaTeX Font Info:    Redeclaring math symbol \twoheadleftarrow on input line 210.
LaTeX Font Info:    Redeclaring math symbol \leftleftarrows on input line 211.
LaTeX Font Info:    Redeclaring math symbol \rightrightarrows on input line 212.
LaTeX Font Info:    Redeclaring math symbol \upuparrows on input line 213.
LaTeX Font Info:    Redeclaring math symbol \downdownarrows on input line 214.
LaTeX Font Info:    Redeclaring math symbol \upharpoonright on input line 215.
LaTeX Font Info:    Redeclaring math symbol \downharpoonright on input line 217.
LaTeX Font Info:    Redeclaring math symbol \upharpoonleft on input line 218.
LaTeX Font Info:    Redeclaring math symbol \downharpoonleft on input line 219.
LaTeX Font Info:    Redeclaring math symbol \rightarrowtail on input line 220.
LaTeX Font Info:    Redeclaring math symbol \leftarrowtail on input line 221.
LaTeX Font Info:    Redeclaring math symbol \leftrightarrows on input line 222.
LaTeX Font Info:    Redeclaring math symbol \rightleftarrows on input line 223.
LaTeX Font Info:    Redeclaring math symbol \Lsh on input line 224.
LaTeX Font Info:    Redeclaring math symbol \Rsh on input line 225.
LaTeX Font Info:    Redeclaring math symbol \rightsquigarrow on input line 226.
LaTeX Font Info:    Redeclaring math symbol \leftrightsquigarrow on input line 227.
LaTeX Font Info:    Redeclaring math symbol \looparrowleft on input line 228.
LaTeX Font Info:    Redeclaring math symbol \looparrowright on input line 229.
LaTeX Font Info:    Redeclaring math symbol \circeq on input line 230.
LaTeX Font Info:    Redeclaring math symbol \succsim on input line 231.
LaTeX Font Info:    Redeclaring math symbol \gtrsim on input line 232.
LaTeX Font Info:    Redeclaring math symbol \gtrapprox on input line 233.
LaTeX Font Info:    Redeclaring math symbol \multimap on input line 234.
LaTeX Font Info:    Redeclaring math symbol \therefore on input line 235.
LaTeX Font Info:    Redeclaring math symbol \because on input line 236.
LaTeX Font Info:    Redeclaring math symbol \doteqdot on input line 237.
LaTeX Font Info:    Redeclaring math symbol \triangleq on input line 239.
LaTeX Font Info:    Redeclaring math symbol \precsim on input line 240.
LaTeX Font Info:    Redeclaring math symbol \lesssim on input line 241.
LaTeX Font Info:    Redeclaring math symbol \lessapprox on input line 242.
LaTeX Font Info:    Redeclaring math symbol \eqslantless on input line 243.
LaTeX Font Info:    Redeclaring math symbol \eqslantgtr on input line 244.
LaTeX Font Info:    Redeclaring math symbol \curlyeqprec on input line 245.
LaTeX Font Info:    Redeclaring math symbol \curlyeqsucc on input line 246.
LaTeX Font Info:    Redeclaring math symbol \preccurlyeq on input line 247.
LaTeX Font Info:    Redeclaring math symbol \leqq on input line 248.
LaTeX Font Info:    Redeclaring math symbol \leqslant on input line 249.
LaTeX Font Info:    Redeclaring math symbol \lessgtr on input line 250.
LaTeX Font Info:    Redeclaring math symbol \backprime on input line 251.
LaTeX Font Info:    Redeclaring math symbol \risingdotseq on input line 252.
LaTeX Font Info:    Redeclaring math symbol \fallingdotseq on input line 253.
LaTeX Font Info:    Redeclaring math symbol \succcurlyeq on input line 254.
LaTeX Font Info:    Redeclaring math symbol \geqq on input line 255.
LaTeX Font Info:    Redeclaring math symbol \geqslant on input line 256.
LaTeX Font Info:    Redeclaring math symbol \gtrless on input line 257.
LaTeX Font Info:    Redeclaring math symbol \sqsubset on input line 258.
LaTeX Font Info:    Redeclaring math symbol \sqsupset on input line 259.
LaTeX Font Info:    Redeclaring math symbol \vartriangleright on input line 260.
LaTeX Font Info:    Redeclaring math symbol \vartriangleleft on input line 261.
LaTeX Font Info:    Redeclaring math symbol \trianglerighteq on input line 262.
LaTeX Font Info:    Redeclaring math symbol \trianglelefteq on input line 263.
LaTeX Font Info:    Redeclaring math symbol \bigstar on input line 264.
LaTeX Font Info:    Redeclaring math symbol \between on input line 265.
LaTeX Font Info:    Redeclaring math symbol \blacktriangledown on input line 266.
LaTeX Font Info:    Redeclaring math symbol \blacktriangleright on input line 267.
LaTeX Font Info:    Redeclaring math symbol \blacktriangleleft on input line 268.
LaTeX Font Info:    Redeclaring math symbol \vartriangle on input line 269.
LaTeX Font Info:    Redeclaring math symbol \blacktriangle on input line 270.
LaTeX Font Info:    Redeclaring math symbol \triangledown on input line 271.
LaTeX Font Info:    Redeclaring math symbol \eqcirc on input line 272.
LaTeX Font Info:    Redeclaring math symbol \lesseqgtr on input line 273.
LaTeX Font Info:    Redeclaring math symbol \gtreqless on input line 274.
LaTeX Font Info:    Redeclaring math symbol \lesseqqgtr on input line 275.
LaTeX Font Info:    Redeclaring math symbol \gtreqqless on input line 276.
LaTeX Font Info:    Redeclaring math symbol \Rrightarrow on input line 277.
LaTeX Font Info:    Redeclaring math symbol \Lleftarrow on input line 278.
LaTeX Font Info:    Redeclaring math symbol \veebar on input line 279.
LaTeX Font Info:    Redeclaring math symbol \barwedge on input line 280.
LaTeX Font Info:    Redeclaring math symbol \doublebarwedge on input line 281.
LaTeX Font Info:    Redeclaring math symbol \angle on input line 282.
LaTeX Font Info:    Redeclaring math symbol \measuredangle on input line 283.
LaTeX Font Info:    Redeclaring math symbol \sphericalangle on input line 284.
LaTeX Font Info:    Redeclaring math symbol \varpropto on input line 285.
LaTeX Font Info:    Redeclaring math symbol \smallsmile on input line 286.
LaTeX Font Info:    Redeclaring math symbol \smallfrown on input line 287.
LaTeX Font Info:    Redeclaring math symbol \Subset on input line 288.
LaTeX Font Info:    Redeclaring math symbol \Supset on input line 289.
LaTeX Font Info:    Redeclaring math symbol \Cup on input line 290.
LaTeX Font Info:    Redeclaring math symbol \Cap on input line 292.
LaTeX Font Info:    Redeclaring math symbol \curlywedge on input line 294.
LaTeX Font Info:    Redeclaring math symbol \curlyvee on input line 295.
LaTeX Font Info:    Redeclaring math symbol \leftthreetimes on input line 296.
LaTeX Font Info:    Redeclaring math symbol \rightthreetimes on input line 297.
LaTeX Font Info:    Redeclaring math symbol \subseteqq on input line 298.
LaTeX Font Info:    Redeclaring math symbol \supseteqq on input line 299.
LaTeX Font Info:    Redeclaring math symbol \bumpeq on input line 300.
LaTeX Font Info:    Redeclaring math symbol \Bumpeq on input line 301.
LaTeX Font Info:    Redeclaring math symbol \lll on input line 302.
LaTeX Font Info:    Redeclaring math symbol \ggg on input line 304.
LaTeX Font Info:    Redeclaring math symbol \circledS on input line 306.
LaTeX Font Info:    Redeclaring math symbol \pitchfork on input line 307.
LaTeX Font Info:    Redeclaring math symbol \dotplus on input line 308.
LaTeX Font Info:    Redeclaring math symbol \backsim on input line 309.
LaTeX Font Info:    Redeclaring math symbol \backsimeq on input line 310.
LaTeX Font Info:    Redeclaring math symbol \complement on input line 311.
LaTeX Font Info:    Redeclaring math symbol \intercal on input line 312.
LaTeX Font Info:    Redeclaring math symbol \circledcirc on input line 313.
LaTeX Font Info:    Redeclaring math symbol \circledast on input line 314.
LaTeX Font Info:    Redeclaring math symbol \circleddash on input line 315.
) (C:\Users\jackr\AppData\Local\Programs\MiKTeX\tex/latex/base\ifthen.sty
Package: ifthen 2024/03/16 v1.1e Standard LaTeX ifthen package (DPC)
)
LaTeX Font Info:    Overwriting symbol font `operators' in version `normal'
(Font)                  OT1/cmr/m/n --> OT1/zavm/m/n on input line 71.
LaTeX Font Info:    Overwriting symbol font `letters' in version `normal'
(Font)                  OML/cmm/m/it --> OML/zavm/m/it on input line 72.
LaTeX Font Info:    Overwriting symbol font `symbols' in version `normal'
(Font)                  OMS/cmsy/m/n --> OMS/zavm/m/n on input line 73.
LaTeX Font Info:    Overwriting symbol font `largesymbols' in version `normal'
(Font)                  OMX/cmex/m/n --> OMX/mdbch/m/n on input line 74.
LaTeX Font Info:    Overwriting math alphabet `\mathbf' in version `normal'
(Font)                  OT1/cmr/bx/n --> OT1/zavm/b/n on input line 81.
LaTeX Font Info:    Overwriting math alphabet `\mathtt' in version `normal'
(Font)                  OT1/cmtt/m/n --> T1/fvm/m/n on input line 82.
LaTeX Font Info:    Redeclaring math alphabet \mathcal on input line 85.
LaTeX Font Info:    Redeclaring math alphabet \mathit on input line 89.
LaTeX Font Info:    Redeclaring math alphabet \mathsf on input line 91.
LaTeX Font Info:    Redeclaring math alphabet \mathbb on input line 105.
LaTeX Font Info:    Overwriting symbol font `operators' in version `bold'
(Font)                  OT1/cmr/bx/n --> OT1/zavm/b/n on input line 112.
LaTeX Font Info:    Overwriting symbol font `letters' in version `bold'
(Font)                  OML/cmm/b/it --> OML/zavm/b/it on input line 113.
LaTeX Font Info:    Overwriting symbol font `symbols' in version `bold'
(Font)                  OMS/cmsy/b/n --> OMS/zavm/b/n on input line 114.
LaTeX Font Info:    Overwriting symbol font `largesymbols' in version `bold'
(Font)                  OMX/cmex/m/n --> OMX/mdbch/b/n on input line 115.
LaTeX Font Info:    Overwriting math alphabet `\mathbf' in version `bold'
(Font)                  OT1/cmr/bx/n --> OT1/zavm/b/n on input line 118.
LaTeX Font Info:    Overwriting math alphabet `\mathtt' in version `bold'
(Font)                  OT1/cmtt/m/n --> T1/fvm/b/n on input line 119.
LaTeX Font Info:    Redeclaring math accent \widetilde on input line 123.
LaTeX Font Info:    Redeclaring math accent \widehat on input line 124.
\symextraup=\mathgroup7
\symextraitalic=\mathgroup8
 (C:\Users\jackr\AppData\Local\Programs\MiKTeX\tex/latex/arev\arevsymbols.tex
LaTeX Font Info:    Redeclaring math symbol \hbar on input line 22.
LaTeX Font Info:    Redeclaring math symbol \hslash on input line 23.
LaTeX Font Info:    Redeclaring math symbol \digamma on input line 25.
LaTeX Font Info:    Redeclaring math symbol \varkappa on input line 26.
LaTeX Font Info:    Redeclaring math symbol \backepsilon on input line 35.
LaTeX Font Info:    Redeclaring math symbol \emptyset on input line 37.
LaTeX Font Info:    Redeclaring math symbol \eth on input line 57.
LaTeX Font Info:    Redeclaring math symbol \mho on input line 58.
)
LaTeX Font Info:    Redeclaring math symbol \varnothing on input line 204.
) (C:\Users\jackr\AppData\Local\Programs\MiKTeX\tex/latex/bera\beramono.sty
Package: beramono 2004/01/31 (WaS)
)) (C:\Users\jackr\AppData\Local\Programs\MiKTeX\tex/latex/base\fontenc.sty
Package: fontenc 2021/04/29 v2.0v Standard LaTeX package
LaTeX Font Info:    Trying to load font information for T1+fav on input line 116.
 (C:\Users\jackr\AppData\Local\Programs\MiKTeX\tex/latex/arev\t1fav.fd
File: t1fav.fd 2006/05/30 Fontinst v1.929 font definitions for T1/fav.
)) (C:\Users\jackr\AppData\Local\Programs\MiKTeX\tex/latex/hyperref\hyperref.sty
Package: hyperref 2024-07-10 v7.01j Hypertext links for LaTeX
 (C:\Users\jackr\AppData\Local\Programs\MiKTeX\tex/latex/kvsetkeys\kvsetkeys.sty
Package: kvsetkeys 2022-10-05 v1.19 Key value parser (HO)
) (C:\Users\jackr\AppData\Local\Programs\MiKTeX\tex/generic/kvdefinekeys\kvdefinekeys.sty
Package: kvdefinekeys 2019-12-19 v1.6 Define keys (HO)
) (C:\Users\jackr\AppData\Local\Programs\MiKTeX\tex/generic/pdfescape\pdfescape.sty
Package: pdfescape 2019/12/09 v1.15 Implements pdfTeX's escape features (HO)
 (C:\Users\jackr\AppData\Local\Programs\MiKTeX\tex/generic/ltxcmds\ltxcmds.sty
Package: ltxcmds 2023-12-04 v1.26 LaTeX kernel commands for general use (HO)
) (C:\Users\jackr\AppData\Local\Programs\MiKTeX\tex/generic/pdftexcmds\pdftexcmds.sty
Package: pdftexcmds 2020-06-27 v0.33 Utility functions of pdfTeX for LuaTeX (HO)
 (C:\Users\jackr\AppData\Local\Programs\MiKTeX\tex/generic/infwarerr\infwarerr.sty
Package: infwarerr 2019/12/03 v1.5 Providing info/warning/error messages (HO)
)
Package pdftexcmds Info: \pdf@primitive is available.
Package pdftexcmds Info: \pdf@ifprimitive is available.
Package pdftexcmds Info: \pdfdraftmode found.
)) (C:\Users\jackr\AppData\Local\Programs\MiKTeX\tex/latex/hycolor\hycolor.sty
Package: hycolor 2020-01-27 v1.10 Color options for hyperref/bookmark (HO)
) (C:\Users\jackr\AppData\Local\Programs\MiKTeX\tex/latex/hyperref\nameref.sty
Package: nameref 2023-11-26 v2.56 Cross-referencing by name of section
 (C:\Users\jackr\AppData\Local\Programs\MiKTeX\tex/latex/refcount\refcount.sty
Package: refcount 2019/12/15 v3.6 Data extraction from label references (HO)
) (C:\Users\jackr\AppData\Local\Programs\MiKTeX\tex/generic/gettitlestring\gettitlestring.sty
Package: gettitlestring 2019/12/15 v1.6 Cleanup title references (HO)
 (C:\Users\jackr\AppData\Local\Programs\MiKTeX\tex/latex/kvoptions\kvoptions.sty
Package: kvoptions 2022-06-15 v3.15 Key value format for package options (HO)
))
\c@section@level=\count271
) (C:\Users\jackr\AppData\Local\Programs\MiKTeX\tex/latex/etoolbox\etoolbox.sty
Package: etoolbox 2020/10/05 v2.5k e-TeX tools for LaTeX (JAW)
\etb@tempcnta=\count272
) (C:\Users\jackr\AppData\Local\Programs\MiKTeX\tex/generic/stringenc\stringenc.sty
Package: stringenc 2019/11/29 v1.12 Convert strings between diff. encodings (HO)
)
\@linkdim=\dimen150
\Hy@linkcounter=\count273
\Hy@pagecounter=\count274
 (C:\Users\jackr\AppData\Local\Programs\MiKTeX\tex/latex/hyperref\pd1enc.def
File: pd1enc.def 2024-07-10 v7.01j Hyperref: PDFDocEncoding definition (HO)
Now handling font encoding PD1 ...
... no UTF-8 mapping file for font encoding PD1
) (C:\Users\jackr\AppData\Local\Programs\MiKTeX\tex/generic/intcalc\intcalc.sty
Package: intcalc 2019/12/15 v1.3 Expandable calculations with integers (HO)
)
\Hy@SavedSpaceFactor=\count275
 (C:\Users\jackr\AppData\Local\Programs\MiKTeX\tex/latex/hyperref\puenc.def
File: puenc.def 2024-07-10 v7.01j Hyperref: PDF Unicode definition (HO)
Now handling font encoding PU ...
... no UTF-8 mapping file for font encoding PU
)
Package hyperref Info: Option `colorlinks' set `true' on input line 4040.
Package hyperref Info: Hyper figures OFF on input line 4157.
Package hyperref Info: Link nesting OFF on input line 4162.
Package hyperref Info: Hyper index ON on input line 4165.
Package hyperref Info: Plain pages OFF on input line 4172.
Package hyperref Info: Backreferencing OFF on input line 4177.
Package hyperref Info: Implicit mode ON; LaTeX internals redefined.
Package hyperref Info: Bookmarks ON on input line 4424.
\c@Hy@tempcnt=\count276
 (C:\Users\jackr\AppData\Local\Programs\MiKTeX\tex/latex/url\url.sty
\Urlmuskip=\muskip17
Package: url 2013/09/16  ver 3.4  Verb mode for urls, etc.
)
LaTeX Info: Redefining \url on input line 4763.
\XeTeXLinkMargin=\dimen151
 (C:\Users\jackr\AppData\Local\Programs\MiKTeX\tex/generic/bitset\bitset.sty
Package: bitset 2019/12/09 v1.3 Handle bit-vector datatype (HO)
 (C:\Users\jackr\AppData\Local\Programs\MiKTeX\tex/generic/bigintcalc\bigintcalc.sty
Package: bigintcalc 2019/12/15 v1.5 Expandable calculations on big integers (HO)
))
\Fld@menulength=\count277
\Field@Width=\dimen152
\Fld@charsize=\dimen153
Package hyperref Info: Hyper figures OFF on input line 6042.
Package hyperref Info: Link nesting OFF on input line 6047.
Package hyperref Info: Hyper index ON on input line 6050.
Package hyperref Info: backreferencing OFF on input line 6057.
Package hyperref Info: Link coloring ON on input line 6060.
Package hyperref Info: Link coloring with OCG OFF on input line 6067.
Package hyperref Info: PDF/A mode OFF on input line 6072.
 (C:\Users\jackr\AppData\Local\Programs\MiKTeX\tex/latex/base\atbegshi-ltx.sty
Package: atbegshi-ltx 2021/01/10 v1.0c Emulation of the original atbegshi
package with kernel methods
)
\Hy@abspage=\count278
\c@Item=\count279
\c@Hfootnote=\count280
)
Package hyperref Info: Driver (autodetected): hpdftex.
 (C:\Users\jackr\AppData\Local\Programs\MiKTeX\tex/latex/hyperref\hpdftex.def
File: hpdftex.def 2024-07-10 v7.01j Hyperref driver for pdfTeX
 (C:\Users\jackr\AppData\Local\Programs\MiKTeX\tex/latex/base\atveryend-ltx.sty
Package: atveryend-ltx 2020/08/19 v1.0a Emulation of the original atveryend package
with kernel methods
)
\Fld@listcount=\count281
\c@bookmark@seq@number=\count282
 (C:\Users\jackr\AppData\Local\Programs\MiKTeX\tex/latex/rerunfilecheck\rerunfilecheck.sty
Package: rerunfilecheck 2022-07-10 v1.10 Rerun checks for auxiliary files (HO)
 (C:\Users\jackr\AppData\Local\Programs\MiKTeX\tex/generic/uniquecounter\uniquecounter.sty
Package: uniquecounter 2019/12/15 v1.4 Provide unlimited unique counter (HO)
)
Package uniquecounter Info: New unique counter `rerunfilecheck' on input line 285.
)
\Hy@SectionHShift=\skip51
) (C:\Users\jackr\AppData\Local\Programs\MiKTeX\tex/latex/adjustbox\adjustbox.sty
Package: adjustbox 2025/02/26 v1.3c Adjusting TeX boxes (trim, clip, ...)
 (C:\Users\jackr\AppData\Local\Programs\MiKTeX\tex/latex/xkeyval\xkeyval.sty
Package: xkeyval 2022/06/16 v2.9 package option processing (HA)
 (C:\Users\jackr\AppData\Local\Programs\MiKTeX\tex/generic/xkeyval\xkeyval.tex (C:\Users\jackr\AppData\Local\Programs\MiKTeX\tex/generic/xkeyval\xkvutils.tex
\XKV@toks=\toks20
\XKV@tempa@toks=\toks21
)
\XKV@depth=\count283
File: xkeyval.tex 2014/12/03 v2.7a key=value parser (HA)
)) (C:\Users\jackr\AppData\Local\Programs\MiKTeX\tex/latex/adjustbox\adjcalc.sty
Package: adjcalc 2012/05/16 v1.1 Provides advanced setlength with multiple back-ends (calc, etex, pgfmath)
) (C:\Users\jackr\AppData\Local\Programs\MiKTeX\tex/latex/adjustbox\trimclip.sty
Package: trimclip 2025/02/21 v1.2a Trim and clip general TeX material
 (C:\Users\jackr\AppData\Local\Programs\MiKTeX\tex/latex/graphics\graphicx.sty
Package: graphicx 2021/09/16 v1.2d Enhanced LaTeX Graphics (DPC,SPQR)
 (C:\Users\jackr\AppData\Local\Programs\MiKTeX\tex/latex/graphics\graphics.sty
Package: graphics 2024/05/23 v1.4g Standard LaTeX Graphics (DPC,SPQR)
 (C:\Users\jackr\AppData\Local\Programs\MiKTeX\tex/latex/graphics\trig.sty
Package: trig 2023/12/02 v1.11 sin cos tan (DPC)
) (C:\Users\jackr\AppData\Local\Programs\MiKTeX\tex/latex/graphics-cfg\graphics.cfg
File: graphics.cfg 2016/06/04 v1.11 sample graphics configuration
)
Package graphics Info: Driver file: pdftex.def on input line 106.
 (C:\Users\jackr\AppData\Local\Programs\MiKTeX\tex/latex/graphics-def\pdftex.def
File: pdftex.def 2024/04/13 v1.2c Graphics/color driver for pdftex
))
\Gin@req@height=\dimen154
\Gin@req@width=\dimen155
) (C:\Users\jackr\AppData\Local\Programs\MiKTeX\tex/latex/collectbox\collectbox.sty
Package: collectbox 2022/10/17 v0.4c Collect macro arguments as boxes
\collectedbox=\box52
)
\tc@llx=\dimen156
\tc@lly=\dimen157
\tc@urx=\dimen158
\tc@ury=\dimen159
Package trimclip Info: Using driver 'tc-pdftex.def'.
 (C:\Users\jackr\AppData\Local\Programs\MiKTeX\tex/latex/adjustbox\tc-pdftex.def
File: tc-pdftex.def 2025/02/26 v2.3 Clipping driver for pdftex
))
\adjbox@Width=\dimen160
\adjbox@Height=\dimen161
\adjbox@Depth=\dimen162
\adjbox@Totalheight=\dimen163
\adjbox@pwidth=\dimen164
\adjbox@pheight=\dimen165
\adjbox@pdepth=\dimen166
\adjbox@ptotalheight=\dimen167
 (C:\Users\jackr\AppData\Local\Programs\MiKTeX\tex/latex/ifoddpage\ifoddpage.sty
Package: ifoddpage 2022/10/18 v1.2 Conditionals for odd/even page detection
\c@checkoddpage=\count284
) (C:\Users\jackr\AppData\Local\Programs\MiKTeX\tex/latex/varwidth\varwidth.sty
Package: varwidth 2009/03/30 ver 0.92;  Variable-width minipages
\@vwid@box=\box53
\sift@deathcycles=\count285
\@vwid@loff=\dimen168
\@vwid@roff=\dimen169
)) (C:\Users\jackr\AppData\Local\Programs\MiKTeX\tex/latex/subfig\subfig.sty
Package: subfig 2005/06/28 ver: 1.3 subfig package
 (C:\Users\jackr\AppData\Local\Programs\MiKTeX\tex/latex/caption\caption.sty
Package: caption 2023/08/05 v3.6o Customizing captions (AR)
 (C:\Users\jackr\AppData\Local\Programs\MiKTeX\tex/latex/caption\caption3.sty
Package: caption3 2023/07/31 v2.4d caption3 kernel (AR)
\caption@tempdima=\dimen170
\captionmargin=\dimen171
\caption@leftmargin=\dimen172
\caption@rightmargin=\dimen173
\caption@width=\dimen174
\caption@indent=\dimen175
\caption@parindent=\dimen176
\caption@hangindent=\dimen177
Package caption Info: Standard document class detected.
)
\c@caption@flags=\count286
\c@continuedfloat=\count287
Package caption Info: hyperref package is loaded.
)
\c@KVtest=\count288
\sf@farskip=\skip52
\sf@captopadj=\dimen178
\sf@capskip=\skip53
\sf@nearskip=\skip54
\c@subfigure=\count289
\c@subfigure@save=\count290
\c@lofdepth=\count291
\c@subtable=\count292
\c@subtable@save=\count293
\c@lotdepth=\count294
\sf@top=\skip55
\sf@bottom=\skip56
) (C:\Users\jackr\AppData\Local\Programs\MiKTeX\tex/latex/booktabs\booktabs.sty
Package: booktabs 2020/01/12 v1.61803398 Publication quality tables
\heavyrulewidth=\dimen179
\lightrulewidth=\dimen180
\cmidrulewidth=\dimen181
\belowrulesep=\dimen182
\belowbottomsep=\dimen183
\aboverulesep=\dimen184
\abovetopsep=\dimen185
\cmidrulesep=\dimen186
\cmidrulekern=\dimen187
\defaultaddspace=\dimen188
\@cmidla=\count295
\@cmidlb=\count296
\@aboverulesep=\dimen189
\@belowrulesep=\dimen190
\@thisruleclass=\count297
\@lastruleclass=\count298
\@thisrulewidth=\dimen191
) (C:\Users\jackr\AppData\Local\Programs\MiKTeX\tex/latex/tools\tabularx.sty
Package: tabularx 2023/12/11 v2.12a `tabularx' package (DPC)
 (C:\Users\jackr\AppData\Local\Programs\MiKTeX\tex/latex/tools\array.sty
Package: array 2024/06/14 v2.6d Tabular extension package (FMi)
\col@sep=\dimen192
\ar@mcellbox=\box54
\extrarowheight=\dimen193
\NC@list=\toks22
\extratabsurround=\skip57
\backup@length=\skip58
\ar@cellbox=\box55
)
\TX@col@width=\dimen194
\TX@old@table=\dimen195
\TX@old@col=\dimen196
\TX@target=\dimen197
\TX@delta=\dimen198
\TX@cols=\count299
\TX@ftn=\toks23
) (C:\Users\jackr\AppData\Local\Programs\MiKTeX\tex/latex/xcolor\xcolor.sty
Package: xcolor 2023/11/15 v3.01 LaTeX color extensions (UK)
 (C:\Users\jackr\AppData\Local\Programs\MiKTeX\tex/latex/graphics-cfg\color.cfg
File: color.cfg 2016/01/02 v1.6 sample color configuration
)
Package xcolor Info: Driver file: pdftex.def on input line 274.
 (C:\Users\jackr\AppData\Local\Programs\MiKTeX\tex/latex/graphics\mathcolor.ltx)
Package xcolor Info: Model `cmy' substituted by `cmy0' on input line 1350.
Package xcolor Info: Model `hsb' substituted by `rgb' on input line 1354.
Package xcolor Info: Model `RGB' extended on input line 1366.
Package xcolor Info: Model `HTML' substituted by `rgb' on input line 1368.
Package xcolor Info: Model `Hsb' substituted by `hsb' on input line 1369.
Package xcolor Info: Model `tHsb' substituted by `hsb' on input line 1370.
Package xcolor Info: Model `HSB' substituted by `hsb' on input line 1371.
Package xcolor Info: Model `Gray' substituted by `gray' on input line 1372.
Package xcolor Info: Model `wave' substituted by `hsb' on input line 1373.
) (C:\Users\jackr\AppData\Local\Programs\MiKTeX\tex/latex/psnfss\pifont.sty
Package: pifont 2020/03/25 PSNFSS-v9.3 Pi font support (SPQR) 
LaTeX Font Info:    Trying to load font information for U+pzd on input line 63.
 (C:\Users\jackr\AppData\Local\Programs\MiKTeX\tex/latex/psnfss\upzd.fd
File: upzd.fd 2001/06/04 font definitions for U/pzd.
)
LaTeX Font Info:    Trying to load font information for U+psy on input line 64.
 (C:\Users\jackr\AppData\Local\Programs\MiKTeX\tex/latex/psnfss\upsy.fd
File: upsy.fd 2001/06/04 font definitions for U/psy.
)) (custom_components/command.tex) (C:\Users\jackr\AppData\Local\Programs\MiKTeX\tex/latex/l3backend\l3backend-pdftex.def
File: l3backend-pdftex.def 2024-05-08 L3 backend support: PDF output (pdfTeX)
\l__color_backend_stack_int=\count300
\l__pdf_internal_box=\box56
) (main.aux)
\openout1 = `main.aux'.

LaTeX Font Info:    Checking defaults for OML/cmm/m/it on input line 27.
LaTeX Font Info:    ... okay on input line 27.
LaTeX Font Info:    Checking defaults for OMS/cmsy/m/n on input line 27.
LaTeX Font Info:    ... okay on input line 27.
LaTeX Font Info:    Checking defaults for OT1/cmr/m/n on input line 27.
LaTeX Font Info:    ... okay on input line 27.
LaTeX Font Info:    Checking defaults for T1/cmr/m/n on input line 27.
LaTeX Font Info:    ... okay on input line 27.
LaTeX Font Info:    Checking defaults for TS1/cmr/m/n on input line 27.
LaTeX Font Info:    ... okay on input line 27.
LaTeX Font Info:    Checking defaults for OMX/cmex/m/n on input line 27.
LaTeX Font Info:    ... okay on input line 27.
LaTeX Font Info:    Checking defaults for U/cmr/m/n on input line 27.
LaTeX Font Info:    ... okay on input line 27.
LaTeX Font Info:    Checking defaults for MDA/cmr/m/n on input line 27.
LaTeX Font Info:    Trying to load font information for MDA+cmr on input line 27.
 (C:\Users\jackr\AppData\Local\Programs\MiKTeX\tex/latex/mathdesign\mdacmr.fd
File: mdacmr.fd 
)
LaTeX Font Info:    ... okay on input line 27.
LaTeX Font Info:    Checking defaults for PD1/pdf/m/n on input line 27.
LaTeX Font Info:    ... okay on input line 27.
LaTeX Font Info:    Checking defaults for PU/pdf/m/n on input line 27.
LaTeX Font Info:    ... okay on input line 27.

*geometry* driver: auto-detecting
*geometry* detected driver: pdftex
*geometry* verbose mode - [ preamble ] result:
* driver: pdftex
* paper: <default>
* layout: <same size as paper>
* layoutoffset:(h,v)=(0.0pt,0.0pt)
* modes: 
* h-part:(L,W,R)=(71.13188pt, 472.03123pt, 71.13188pt)
* v-part:(T,H,B)=(56.9055pt, 666.9326pt, 71.13188pt)
* \paperwidth=614.295pt
* \paperheight=794.96999pt
* \textwidth=472.03123pt
* \textheight=666.9326pt
* \oddsidemargin=-1.1381pt
* \evensidemargin=-1.1381pt
* \topmargin=-52.36449pt
* \headheight=12.0pt
* \headsep=25.0pt
* \topskip=10.0pt
* \footskip=30.0pt
* \marginparwidth=65.0pt
* \marginparsep=11.0pt
* \columnsep=10.0pt
* \skip\footins=9.0pt plus 4.0pt minus 2.0pt
* \hoffset=0.0pt
* \voffset=0.0pt
* \mag=1000
* \@twocolumnfalse
* \@twosidefalse
* \@mparswitchfalse
* \@reversemarginfalse
* (1in=72.27pt=25.4mm, 1cm=28.453pt)

Package hyperref Info: Link coloring ON on input line 27.
(main.out) (main.out)
\@outlinefile=\write3
\openout3 = `main.out'.

 (C:\Users\jackr\AppData\Local\Programs\MiKTeX\tex/context/base/mkii\supp-pdf.mkii
[Loading MPS to PDF converter (version 2006.09.02).]
\scratchcounter=\count301
\scratchdimen=\dimen199
\scratchbox=\box57
\nofMPsegments=\count302
\nofMParguments=\count303
\everyMPshowfont=\toks24
\MPscratchCnt=\count304
\MPscratchDim=\dimen256
\MPnumerator=\count305
\makeMPintoPDFobject=\count306
\everyMPtoPDFconversion=\toks25
) (C:\Users\jackr\AppData\Local\Programs\MiKTeX\tex/latex/epstopdf-pkg\epstopdf-base.sty
Package: epstopdf-base 2020-01-24 v2.11 Base part for package epstopdf
Package epstopdf-base Info: Redefining graphics rule for `.eps' on input line 485.
 (C:\Users\jackr\AppData\Local\Programs\MiKTeX\tex/latex/00miktex\epstopdf-sys.cfg
File: epstopdf-sys.cfg 2021/03/18 v2.0 Configuration of epstopdf for MiKTeX
))
Package caption Info: Begin \AtBeginDocument code.
Package caption Info: subfig package v1.3 is loaded.
Package caption Info: End \AtBeginDocument code.


[1

{C:/Users/jackr/AppData/Local/MiKTeX/fonts/map/pdftex/pdftex.map}{C:/Users/jackr/AppData/Local/Programs/MiKTeX/fonts/enc/dvips/base/8r.enc}] (main.toc
LaTeX Font Info:    Trying to load font information for OT1+zavm on input line 3.
 (C:\Users\jackr\AppData\Local\Programs\MiKTeX\tex/latex/arev\ot1zavm.fd
File: ot1zavm.fd 2006/05/30 Fontinst v1.929 font definitions for OT1/zavm.
)
LaTeX Font Info:    Trying to load font information for OML+zavm on input line 3.
 (C:\Users\jackr\AppData\Local\Programs\MiKTeX\tex/latex/arev\omlzavm.fd
File: omlzavm.fd 2006/05/30 Fontinst v1.929 font definitions for OML/zavm.
)
LaTeX Font Info:    Trying to load font information for OMS+zavm on input line 3.
 (C:\Users\jackr\AppData\Local\Programs\MiKTeX\tex/latex/arev\omszavm.fd
File: omszavm.fd 2006/05/30 Fontinst v1.929 font definitions for OMS/zavm.
)
LaTeX Font Info:    Trying to load font information for OMX+mdbch on input line 3.
 (C:\Users\jackr\AppData\Local\Programs\MiKTeX\tex/latex/mathdesign/mdbch\omxmdbch.fd
File: omxmdbch.fd 2013/08/29 Fontinst v1.933 font definitions for OMX/mdbch.
)
LaTeX Font Info:    Font shape `OMX/mdbch/m/n' will be
(Font)              scaled to size 9.60007pt on input line 3.
LaTeX Font Info:    Font shape `OMX/mdbch/m/n' will be
(Font)              scaled to size 7.29605pt on input line 3.
LaTeX Font Info:    Font shape `OMX/mdbch/m/n' will be
(Font)              scaled to size 5.76004pt on input line 3.
LaTeX Font Info:    Trying to load font information for U+msa on input line 3.
 (C:\Users\jackr\AppData\Local\Programs\MiKTeX\tex/latex/amsfonts\umsa.fd
File: umsa.fd 2013/01/14 v3.01 AMS symbols A
)
LaTeX Font Info:    Trying to load font information for U+msb on input line 3.
 (C:\Users\jackr\AppData\Local\Programs\MiKTeX\tex/latex/amsfonts\umsb.fd
File: umsb.fd 2013/01/14 v3.01 AMS symbols B
)
LaTeX Font Info:    Trying to load font information for MDA+mdbch on input line 3.
 (C:\Users\jackr\AppData\Local\Programs\MiKTeX\tex/latex/mathdesign/mdbch\mdamdbch.fd
File: mdamdbch.fd 2013/08/29 Fontinst v1.933 font definitions for MDA/mdbch.
)
LaTeX Font Info:    Font shape `MDA/mdbch/b/n' will be
(Font)              scaled to size 9.60007pt on input line 3.
LaTeX Font Info:    Font shape `MDA/mdbch/b/n' will be
(Font)              scaled to size 7.29605pt on input line 3.
LaTeX Font Info:    Font shape `MDA/mdbch/b/n' will be
(Font)              scaled to size 5.76004pt on input line 3.
LaTeX Font Info:    Trying to load font information for U+zavm on input line 3.
 (C:\Users\jackr\AppData\Local\Programs\MiKTeX\tex/latex/arev\uzavm.fd
File: uzavm.fd 2006/05/30 Fontinst v1.929 font definitions for U/zavm.
))
\tf@toc=\write4
\openout4 = `main.toc'.




pdfTeX warning (ext4): destination with the same identifier (name{page.1}) has been already used, duplicate ignored
<to be read again> 
                   \relax 
l.50 \newpage
              [1] (sections/introduction.tex

[2]) (sections/industry.tex
Overfull \hbox (8.8274pt too wide) in paragraph at lines 1--1
[]\T1/fav/b/n/14.4 RIMA1 and RIMA2: Con-di-tianal As-sess-ment Robotic Tools
 []

<images/rima1/RIMA1_Physical_Weight_Detatched.jpg, id=164, 9033.75pt x 7972.78625pt>
File: images/rima1/RIMA1_Physical_Weight_Detatched.jpg Graphic file (type jpg)
<use images/rima1/RIMA1_Physical_Weight_Detatched.jpg>
Package pdftex.def Info: images/rima1/RIMA1_Physical_Weight_Detatched.jpg  used on input line 13.
(pdftex.def)             Requested size: 226.57297pt x 199.87878pt.
<images/rima2/RIMA2_Physical.png, id=165, 4015.0pt x 3011.25pt>
File: images/rima2/RIMA2_Physical.png Graphic file (type png)
<use images/rima2/RIMA2_Physical.png>
Package pdftex.def Info: images/rima2/RIMA2_Physical.png  used on input line 20.
(pdftex.def)             Requested size: 4014.99026pt x 3011.24269pt.
(subsections/industry_mechanical.tex

[3 <./images/rima1/RIMA1_Physical_Weight_Detatched.jpg> <./images/rima2/RIMA2_Physical.png>]
LaTeX Font Info:    Trying to load font information for TS1+fav on input line 11.
LaTeX Font Info:    No file TS1fav.fd. on input line 11.


LaTeX Font Warning: Font shape `TS1/fav/m/n' undefined
(Font)              using `TS1/cmr/m/n' instead
(Font)              for symbol `textbullet' on input line 11.

<images/utility/flangless_tether_protection.JPG, id=173, 4015.0pt x 3011.25pt>
File: images/utility/flangless_tether_protection.JPG Graphic file (type jpg)
<use images/utility/flangless_tether_protection.JPG>
Package pdftex.def Info: images/utility/flangless_tether_protection.JPG  used on input line 20.
(pdftex.def)             Requested size: 4014.99026pt x 3011.24269pt.
<images/utility/tether_protection_flanged.JPG, id=174, 4015.0pt x 3011.25pt>
File: images/utility/tether_protection_flanged.JPG Graphic file (type jpg)
<use images/utility/tether_protection_flanged.JPG>
Package pdftex.def Info: images/utility/tether_protection_flanged.JPG  used on input line 20.
(pdftex.def)             Requested size: 4014.99026pt x 3011.24269pt.


[4 <./images/utility/flangless_tether_protection.JPG> <./images/utility/tether_protection_flanged.JPG>]
<images/utility/jdm.jpg, id=184, 4047.12pt x 3035.34pt>
File: images/utility/jdm.jpg Graphic file (type jpg)
<use images/utility/jdm.jpg>
Package pdftex.def Info: images/utility/jdm.jpg  used on input line 36.
(pdftex.def)             Requested size: 4047.11017pt x 3035.33263pt.
<images/utility/jdm_in_use.jpg, id=185, 4015.0pt x 3011.25pt>
File: images/utility/jdm_in_use.jpg Graphic file (type jpg)
<use images/utility/jdm_in_use.jpg>
Package pdftex.def Info: images/utility/jdm_in_use.jpg  used on input line 36.
(pdftex.def)             Requested size: 4014.99026pt x 3011.24269pt.


[5 <./images/utility/jdm.jpg> <./images/utility/jdm_in_use.jpg>]
<images/rima1/rollover_prototype.jpg, id=195, 3011.25pt x 4015.0pt>
File: images/rima1/rollover_prototype.jpg Graphic file (type jpg)
<use images/rima1/rollover_prototype.jpg>
Package pdftex.def Info: images/rima1/rollover_prototype.jpg  used on input line 47.
(pdftex.def)             Requested size: 136.88588pt x 182.50511pt.
<images/rima1/rollover_rear.jpg, id=196, 4015.0pt x 3011.25pt>
File: images/rima1/rollover_rear.jpg Graphic file (type jpg)
<use images/rima1/rollover_rear.jpg>
Package pdftex.def Info: images/rima1/rollover_rear.jpg  used on input line 48.
(pdftex.def)             Requested size: 4014.99026pt x 3011.24269pt.
<images/rima1/rollover_side.jpg, id=197, 4015.0pt x 3011.25pt>
File: images/rima1/rollover_side.jpg Graphic file (type jpg)
<use images/rima1/rollover_side.jpg>
Package pdftex.def Info: images/rima1/rollover_side.jpg  used on input line 48.
(pdftex.def)             Requested size: 4014.99026pt x 3011.24269pt.
) (subsections/industry_electrical.tex

[6 <./images/rima1/rollover_prototype.jpg> <./images/rima1/rollover_rear.jpg> <./images/rima1/rollover_side.jpg>]
<images/rima1/system_board_old.JPG, id=208, 4015.0pt x 3011.25pt>
File: images/rima1/system_board_old.JPG Graphic file (type jpg)
<use images/rima1/system_board_old.JPG>
Package pdftex.def Info: images/rima1/system_board_old.JPG  used on input line 10.
(pdftex.def)             Requested size: 4014.99026pt x 3011.24269pt.
<images/rima1/system_board_new.JPG, id=209, 4015.0pt x 3011.25pt>
File: images/rima1/system_board_new.JPG Graphic file (type jpg)
<use images/rima1/system_board_new.JPG>
Package pdftex.def Info: images/rima1/system_board_new.JPG  used on input line 10.
(pdftex.def)             Requested size: 4014.99026pt x 3011.24269pt.
<images/rima2/new_pec_test.jpg, id=210, 3011.25pt x 4015.0pt>
File: images/rima2/new_pec_test.jpg Graphic file (type jpg)
<use images/rima2/new_pec_test.jpg>
Package pdftex.def Info: images/rima2/new_pec_test.jpg  used on input line 18.
(pdftex.def)             Requested size: 188.8096pt x 251.7333pt.


[7 <./images/rima1/system_board_old.JPG> <./images/rima1/system_board_new.JPG>]
<images/rima2/pec_install_location.JPG, id=219, 895.345pt x 863.225pt>
File: images/rima2/pec_install_location.JPG Graphic file (type jpg)
<use images/rima2/pec_install_location.JPG>
Package pdftex.def Info: images/rima2/pec_install_location.JPG  used on input line 29.
(pdftex.def)             Requested size: 895.34282pt x 863.2229pt.
<images/rima2/pec_new_installed.JPG, id=220, 4015.0pt x 3011.25pt>
File: images/rima2/pec_new_installed.JPG Graphic file (type jpg)
<use images/rima2/pec_new_installed.JPG>
Package pdftex.def Info: images/rima2/pec_new_installed.JPG  used on input line 29.
(pdftex.def)             Requested size: 4014.99026pt x 3011.24269pt.


[8 <./images/rima2/new_pec_test.jpg> <./images/rima2/pec_install_location.JPG> <./images/rima2/pec_new_installed.JPG>]) (subsections/industry_software.tex

[9]
<images/rima1/rima1_old_gui.jpg, id=234, 1503.6175pt x 2005.4925pt>
File: images/rima1/rima1_old_gui.jpg Graphic file (type jpg)
<use images/rima1/rima1_old_gui.jpg>
Package pdftex.def Info: images/rima1/rima1_old_gui.jpg  used on input line 29.
(pdftex.def)             Requested size: 141.61081pt x 188.87129pt.
<images/rima1/rima_gui_new.png, id=235, 1927.2pt x 1084.05pt>
File: images/rima1/rima_gui_new.png Graphic file (type png)
<use images/rima1/rima_gui_new.png>
Package pdftex.def Info: images/rima1/rima_gui_new.png  used on input line 33.
(pdftex.def)             Requested size: 283.22162pt x 159.30878pt.


[10 <./images/rima1/rima1_old_gui.jpg> <./images/rima1/rima_gui_new.png>]
<images/rima1/rear_cam_rear.jpg, id=244, 4047.12pt x 3035.34pt>
File: images/rima1/rear_cam_rear.jpg Graphic file (type jpg)
<use images/rima1/rear_cam_rear.jpg>
Package pdftex.def Info: images/rima1/rear_cam_rear.jpg  used on input line 38.
(pdftex.def)             Requested size: 377.62642pt x 283.21928pt.


[11 <./images/rima1/rear_cam_rear.jpg>]
<images/rima1/lo_0mm_th_all.png, id=252, 1333.98375pt x 731.73375pt>
File: images/rima1/lo_0mm_th_all.png Graphic file (type png)
<use images/rima1/lo_0mm_th_all.png>
Package pdftex.def Info: images/rima1/lo_0mm_th_all.png  used on input line 53.
(pdftex.def)             Requested size: 273.77898pt x 150.17386pt.
<images/rima1/lo_11.54mm_th_all.png, id=253, 1333.98375pt x 1460.45625pt>
File: images/rima1/lo_11.54mm_th_all.png Graphic file (type png)
<use images/rima1/lo_11.54mm_th_all.png>
Package pdftex.def Info: images/rima1/lo_11.54mm_th_all.png  used on input line 54.
(pdftex.def)             Requested size: 273.77898pt x 299.72974pt.


[12 <./images/rima1/lo_0mm_th_all.png> <./images/rima1/lo_11.54mm_th_all.png>])) (sections/S100.tex

[13]

[14]
<images/s100/s100_robot.png, id=276, 348.55219pt x 462.97969pt>
File: images/s100/s100_robot.png Graphic file (type png)
<use images/s100/s100_robot.png>
Package pdftex.def Info: images/s100/s100_robot.png  used on input line 19.
(pdftex.def)             Requested size: 188.8096pt x 250.79652pt.
<images/s100/webui.png, id=278, 1442.38875pt x 685.8122pt>
File: images/s100/webui.png Graphic file (type png)
<use images/s100/webui.png>
Package pdftex.def Info: images/s100/webui.png  used on input line 20.
(pdftex.def)             Requested size: 377.62642pt x 179.5418pt.
) (sections/course_work.tex

[15 <./images/s100/s100_robot.png> <./images/s100/webui.png>] (subsections/course_mech.tex
<images/mdfs/wheel_side_view.png, id=290, 213.1965pt x 187.29974pt>
File: images/mdfs/wheel_side_view.png Graphic file (type png)
<use images/mdfs/wheel_side_view.png>
Package pdftex.def Info: images/mdfs/wheel_side_view.png  used on input line 25.
(pdftex.def)             Requested size: 213.19597pt x 187.29927pt.
<images/mdfs/wheel_printed.png, id=291, 178.41656pt x 237.88875pt>
File: images/mdfs/wheel_printed.png Graphic file (type png)
<use images/mdfs/wheel_printed.png>
Package pdftex.def Info: images/mdfs/wheel_printed.png  used on input line 25.
(pdftex.def)             Requested size: 178.4161pt x 237.88815pt.
<images/mdfs/Sheet_1.png, id=292, 1173.38374pt x 831.105pt>
File: images/mdfs/Sheet_1.png Graphic file (type png)
<use images/mdfs/Sheet_1.png>
Package pdftex.def Info: images/mdfs/Sheet_1.png  used on input line 26.
(pdftex.def)             Requested size: 377.62642pt x 267.46814pt.
<images/mdfs/Sheet_2.png, id=293, 1173.38374pt x 830.10126pt>
File: images/mdfs/Sheet_2.png Graphic file (type png)
<use images/mdfs/Sheet_2.png>
Package pdftex.def Info: images/mdfs/Sheet_2.png  used on input line 27.
(pdftex.def)             Requested size: 377.62642pt x 267.14513pt.
<images/mdfs/robot_render_on_track.png, id=294, 368.87813pt x 171.64125pt>
File: images/mdfs/robot_render_on_track.png Graphic file (type png)
<use images/mdfs/robot_render_on_track.png>
Package pdftex.def Info: images/mdfs/robot_render_on_track.png  used on input line 28.
(pdftex.def)             Requested size: 377.62642pt x 175.71077pt.
<images/mdfs/final_robot.JPG, id=295, 4015.0pt x 3011.25pt>
File: images/mdfs/final_robot.JPG Graphic file (type jpg)
<use images/mdfs/final_robot.JPG>
Package pdftex.def Info: images/mdfs/final_robot.JPG  used on input line 29.
(pdftex.def)             Requested size: 4014.99026pt x 3011.24269pt.


[16]

[17 <./images/mdfs/wheel_side_view.png> <./images/mdfs/wheel_printed.png> <./images/mdfs/Sheet_1.png>]

[18 <./images/mdfs/Sheet_2.png> <./images/mdfs/robot_render_on_track.png>]

[19 <./images/mdfs/final_robot.JPG>]) (subsections/course_electrical.tex

[20{C:/Users/jackr/AppData/Local/Programs/MiKTeX/fonts/enc/dvips/arev/arevoml.enc}{C:/Users/jackr/AppData/Local/Programs/MiKTeX/fonts/enc/dvips/arev/arevot1.enc}]
<images/micro/lpf_circuit.png, id=334, 489.32813pt x 176.15813pt>
File: images/micro/lpf_circuit.png Graphic file (type png)
<use images/micro/lpf_circuit.png>
Package pdftex.def Info: images/micro/lpf_circuit.png  used on input line 53.
(pdftex.def)             Requested size: 377.62642pt x 135.9486pt.
<images/micro/lpf_sim.png, id=335, 489.32813pt x 530.73282pt>
File: images/micro/lpf_sim.png Graphic file (type png)
<use images/micro/lpf_sim.png>
Package pdftex.def Info: images/micro/lpf_sim.png  used on input line 55.
(pdftex.def)             Requested size: 283.22162pt x 307.19357pt.


[21 <./images/micro/lpf_circuit.png> <./images/micro/lpf_sim.png>]

[22]
<images/micro/balun_circuit.png, id=350, 471.26062pt x 615.80063pt>
File: images/micro/balun_circuit.png Graphic file (type png)
<use images/micro/balun_circuit.png>
Package pdftex.def Info: images/micro/balun_circuit.png  used on input line 104.
(pdftex.def)             Requested size: 377.62642pt x 493.44925pt.


[23 <./images/micro/balun_circuit.png>]
<images/micro/balun_sim.png, id=357, 489.32813pt x 664.73344pt>
File: images/micro/balun_sim.png Graphic file (type png)
<use images/micro/balun_sim.png>
Package pdftex.def Info: images/micro/balun_sim.png  used on input line 107.
(pdftex.def)             Requested size: 330.42041pt x 448.86844pt.


[24 <./images/micro/balun_sim.png>]

[25]
<images/micro/lna_circuit.png, id=371, 489.32813pt x 162.6075pt>
File: images/micro/lna_circuit.png Graphic file (type png)
<use images/micro/lna_circuit.png>
Package pdftex.def Info: images/micro/lna_circuit.png  used on input line 152.
(pdftex.def)             Requested size: 377.62642pt x 125.49101pt.
<images/micro/lna_sim.png, id=372, 350.05782pt x 228.855pt>
File: images/micro/lna_sim.png Graphic file (type png)
<use images/micro/lna_sim.png>
Package pdftex.def Info: images/micro/lna_sim.png  used on input line 154.
(pdftex.def)             Requested size: 377.62642pt x 246.8943pt.
) (subsections/course_software.tex

[26 <./images/micro/lna_circuit.png> <./images/micro/lna_sim.png>]))

[27] (main.aux)
 ***********
LaTeX2e <2024-06-01> patch level 2
L3 programming layer <2024-08-30>
 ***********


LaTeX Font Warning: Some font shapes were not available, defaults substituted.

Package rerunfilecheck Info: File `main.out' has not changed.
(rerunfilecheck)             Checksum: D33264E4A536E2334C576537447C1158;5456.
 ) 
Here is how much of TeX's memory you used:
 14049 strings out of 473899
 231716 string characters out of 5726500
 610534 words of memory out of 5000000
 36533 multiletter control sequences out of 15000+600000
 603061 words of font info for 93 fonts, out of 8000000 for 9000
 1141 hyphenation exceptions out of 8191
 86i,14n,133p,503b,515s stack positions out of 10000i,1000n,20000p,200000b,200000s
 <C:\Users\jackr\AppData\Local\MiKTeX\fonts/pk/ljfour/jknappen/ec/dpi600\tcrm1000.pk><C:/Users/jackr/AppData/Local/Programs/MiKTeX/fonts/type1/public/arev/ArevSans-Bold.pfb><C:/Users/jackr/AppData/Local/Programs/MiKTeX/fonts/type1/public/arev/ArevSans-Oblique.pfb><C:/Users/jackr/AppData/Local/Programs/MiKTeX/fonts/type1/public/arev/ArevSans-Roman.pfb><C:/Users/jackr/AppData/Local/Programs/MiKTeX/fonts/type1/urw/zapfding/uzdr.pfb>
Output written on main.pdf (28 pages, 23939838 bytes).
PDF statistics:
 437 PDF objects out of 1000 (max. 8388607)
 102 named destinations out of 1000 (max. 500000)
 390 words of extra memory for PDF output out of 10000 (max. 10000000)

